app/APK BUILD/Universal/intermediates/manifest_merge_blame_file/debug/processDebugMainManifest/manifest-merger-blame-debug-report.txt
1<?xml version="1.0" encoding="utf-8"?>
2<manifest xmlns:android="http://schemas.android.com/apk/res/android"
3    package="com.m3u.android"
4    android:versionCode="1"
5    android:versionName="1.0.0-universal" >
6
7    <uses-sdk
8        android:minSdkVersion="26"
9        android:targetSdkVersion="35" />
10
11    <uses-permission android:name="android.permission.INTERNET" />
11-->src\main\AndroidManifest.xml:5:5-67
11-->src\main\AndroidManifest.xml:5:22-64
12    <uses-permission android:name="android.permission.ACCESS_WIFI_STATE" />
12-->src\main\AndroidManifest.xml:6:5-76
12-->src\main\AndroidManifest.xml:6:22-73
13    <uses-permission android:name="android.permission.CHANGE_WIFI_STATE" />
13-->src\main\AndroidManifest.xml:7:5-76
13-->src\main\AndroidManifest.xml:7:22-73
14    <uses-permission android:name="android.permission.CHANGE_WIFI_MULTICAST_STATE" />
14-->src\main\AndroidManifest.xml:8:5-86
14-->src\main\AndroidManifest.xml:8:22-83
15    <uses-permission android:name="android.permission.ACCESS_NETWORK_STATE" />
15-->src\main\AndroidManifest.xml:9:5-79
15-->src\main\AndroidManifest.xml:9:22-76
16    <uses-permission android:name="android.permission.READ_EXTERNAL_STORAGE" />
16-->src\main\AndroidManifest.xml:10:5-80
16-->src\main\AndroidManifest.xml:10:22-77
17    <uses-permission android:name="android.permission.WRITE_EXTERNAL_STORAGE" />
17-->src\main\AndroidManifest.xml:11:5-81
17-->src\main\AndroidManifest.xml:11:22-78
18    <uses-permission android:name="android.permission.POST_NOTIFICATIONS" />
18-->src\main\AndroidManifest.xml:12:5-77
18-->src\main\AndroidManifest.xml:12:22-74
19    <uses-permission
19-->src\main\AndroidManifest.xml:13:5-68
20        android:name="android.permission.WAKE_LOCK"
20-->src\main\AndroidManifest.xml:13:22-65
21        android:maxSdkVersion="25" />
21-->[com.github.chuckerteam.chucker:library:4.1.0] AndroidManifest.xml:17:9-35
22    <uses-permission android:name="android.permission.READ_MEDIA_VIDEO" />
22-->src\main\AndroidManifest.xml:14:5-75
22-->src\main\AndroidManifest.xml:14:22-72
23    <uses-permission android:name="android.permission.FOREGROUND_SERVICE" />
23-->src\main\AndroidManifest.xml:15:5-77
23-->src\main\AndroidManifest.xml:15:22-74
24    <uses-permission android:name="android.permission.FOREGROUND_SERVICE_DATA_SYNC" />
24-->src\main\AndroidManifest.xml:16:5-87
24-->src\main\AndroidManifest.xml:16:22-84
25    <uses-permission android:name="android.permission.FOREGROUND_SERVICE_MEDIA_PLAYBACK" />
25-->src\main\AndroidManifest.xml:17:5-92
25-->src\main\AndroidManifest.xml:17:22-89
26    <uses-permission android:name="android.permission.QUERY_ALL_PACKAGES" />
26-->src\main\AndroidManifest.xml:18:5-20:53
26-->src\main\AndroidManifest.xml:19:9-61
27    <uses-permission android:name="android.permission.RECEIVE_BOOT_COMPLETED" />
27-->src\main\AndroidManifest.xml:21:5-81
27-->src\main\AndroidManifest.xml:21:22-78
28
29    <queries>
29-->src\main\AndroidManifest.xml:23:5-28:15
30        <package android:name="com.m3u.extension" />
30-->src\main\AndroidManifest.xml:24:9-53
30-->src\main\AndroidManifest.xml:24:18-50
31
32        <intent>
32-->src\main\AndroidManifest.xml:25:9-27:18
33            <action android:name="com.m3u.extension.ExtensionService" />
33-->src\main\AndroidManifest.xml:26:13-73
33-->src\main\AndroidManifest.xml:26:21-70
34        </intent>
35        <intent>
35-->[com.github.chuckerteam.chucker:library:4.1.0] AndroidManifest.xml:8:9-12:18
36            <action android:name="android.intent.action.CREATE_DOCUMENT" />
36-->[com.github.chuckerteam.chucker:library:4.1.0] AndroidManifest.xml:9:13-76
36-->[com.github.chuckerteam.chucker:library:4.1.0] AndroidManifest.xml:9:21-73
37
38            <data android:mimeType="*/*" />
38-->src\main\AndroidManifest.xml:72:17-55
38-->src\main\AndroidManifest.xml:72:23-52
39        </intent>
40        <intent>
40-->[ch.acra:acra-mail:5.12.0] AndroidManifest.xml:23:9-27:18
41            <action android:name="android.intent.action.SEND" />
41-->src\main\AndroidManifest.xml:70:17-69
41-->src\main\AndroidManifest.xml:70:25-66
42
43            <data android:mimeType="message/rfc822" />
43-->src\main\AndroidManifest.xml:72:17-55
43-->src\main\AndroidManifest.xml:72:23-52
44        </intent>
45        <intent>
45-->[ch.acra:acra-mail:5.12.0] AndroidManifest.xml:28:9-32:18
46            <action android:name="android.intent.action.SEND_MULTIPLE" />
46-->[ch.acra:acra-mail:5.12.0] AndroidManifest.xml:29:13-74
46-->[ch.acra:acra-mail:5.12.0] AndroidManifest.xml:29:21-71
47
48            <data android:mimeType="message/rfc822" />
48-->src\main\AndroidManifest.xml:72:17-55
48-->src\main\AndroidManifest.xml:72:23-52
49        </intent>
50        <intent>
50-->[ch.acra:acra-mail:5.12.0] AndroidManifest.xml:33:9-35:18
51            <action android:name="android.intent.action.SENDTO" />
51-->[ch.acra:acra-mail:5.12.0] AndroidManifest.xml:34:13-67
51-->[ch.acra:acra-mail:5.12.0] AndroidManifest.xml:34:21-64
52        </intent>
53    </queries>
54
55    <!-- TV Support Features -->
56    <uses-feature
56-->src\main\AndroidManifest.xml:31:5-33:36
57        android:name="android.software.leanback"
57-->src\main\AndroidManifest.xml:32:9-49
58        android:required="false" />
58-->src\main\AndroidManifest.xml:33:9-33
59    <uses-feature
59-->src\main\AndroidManifest.xml:34:5-36:36
60        android:name="android.hardware.touchscreen"
60-->src\main\AndroidManifest.xml:35:9-52
61        android:required="false" />
61-->src\main\AndroidManifest.xml:36:9-33
62    <uses-feature
62-->src\main\AndroidManifest.xml:37:5-39:36
63        android:name="android.hardware.wifi"
63-->src\main\AndroidManifest.xml:38:9-45
64        android:required="false" />
64-->src\main\AndroidManifest.xml:39:9-33
65
66    <uses-permission android:name="com.android.providers.tv.permission.WRITE_EPG_DATA" />
66-->[:business:playlist] AndroidManifest.xml:9:5-90
66-->[:business:playlist] AndroidManifest.xml:9:22-87
67    <uses-permission android:name="android.permission.REQUEST_IGNORE_BATTERY_OPTIMIZATIONS" />
67-->[:business:channel] AndroidManifest.xml:8:5-95
67-->[:business:channel] AndroidManifest.xml:8:22-92
68
69    <permission
69-->[androidx.core:core:1.16.0] AndroidManifest.xml:22:5-24:47
70        android:name="com.m3u.android.DYNAMIC_RECEIVER_NOT_EXPORTED_PERMISSION"
70-->[androidx.core:core:1.16.0] AndroidManifest.xml:23:9-81
71        android:protectionLevel="signature" />
71-->[androidx.core:core:1.16.0] AndroidManifest.xml:24:9-44
72
73    <uses-permission android:name="com.m3u.android.DYNAMIC_RECEIVER_NOT_EXPORTED_PERMISSION" />
73-->[androidx.core:core:1.16.0] AndroidManifest.xml:26:5-97
73-->[androidx.core:core:1.16.0] AndroidManifest.xml:26:22-94
74
75    <application
75-->src\main\AndroidManifest.xml:41:5-169:19
76        android:name="com.m3u.universal.M3UApplication"
76-->src\main\AndroidManifest.xml:42:9-39
77        android:allowBackup="true"
77-->src\main\AndroidManifest.xml:43:9-35
78        android:appCategory="video"
78-->src\main\AndroidManifest.xml:44:9-36
79        android:appComponentFactory="androidx.core.app.CoreComponentFactory"
79-->[androidx.core:core:1.16.0] AndroidManifest.xml:28:18-86
80        android:banner="@mipmap/ic_launcher"
80-->src\main\AndroidManifest.xml:45:9-45
81        android:dataExtractionRules="@xml/data_extraction_rules"
81-->src\main\AndroidManifest.xml:46:9-65
82        android:debuggable="true"
83        android:enableOnBackInvokedCallback="true"
83-->src\main\AndroidManifest.xml:47:9-51
84        android:extractNativeLibs="false"
85        android:fullBackupContent="@xml/backup_rules"
85-->src\main\AndroidManifest.xml:48:9-54
86        android:hardwareAccelerated="true"
86-->src\main\AndroidManifest.xml:49:9-43
87        android:icon="@mipmap/ic_launcher"
87-->src\main\AndroidManifest.xml:50:9-43
88        android:label="@string/app_name"
88-->src\main\AndroidManifest.xml:51:9-41
89        android:networkSecurityConfig="@xml/network_security_config"
89-->src\main\AndroidManifest.xml:56:9-69
90        android:requestLegacyExternalStorage="true"
90-->src\main\AndroidManifest.xml:52:9-52
91        android:supportsRtl="true"
91-->src\main\AndroidManifest.xml:53:9-35
92        android:theme="@style/Theme.M3U.Starting"
92-->src\main\AndroidManifest.xml:54:9-50
93        android:usesCleartextTraffic="true" >
93-->src\main\AndroidManifest.xml:55:9-44
94        <activity
94-->src\main\AndroidManifest.xml:59:9-83:20
95            android:name="com.m3u.universal.MainActivity"
95-->src\main\AndroidManifest.xml:60:13-41
96            android:configChanges="screenSize|smallestScreenSize|screenLayout|orientation|locale|layoutDirection"
96-->src\main\AndroidManifest.xml:61:13-114
97            android:exported="true"
97-->src\main\AndroidManifest.xml:62:13-36
98            android:launchMode="singleTask" >
98-->src\main\AndroidManifest.xml:63:13-44
99            <intent-filter>
99-->src\main\AndroidManifest.xml:64:13-68:29
100                <action android:name="android.intent.action.MAIN" />
100-->src\main\AndroidManifest.xml:65:17-69
100-->src\main\AndroidManifest.xml:65:25-66
101
102                <category android:name="android.intent.category.LAUNCHER" />
102-->src\main\AndroidManifest.xml:66:17-77
102-->src\main\AndroidManifest.xml:66:27-74
103                <category android:name="android.intent.category.LEANBACK_LAUNCHER" />
103-->src\main\AndroidManifest.xml:67:17-86
103-->src\main\AndroidManifest.xml:67:27-83
104            </intent-filter>
105            <intent-filter>
105-->src\main\AndroidManifest.xml:69:13-73:29
106                <action android:name="android.intent.action.SEND" />
106-->src\main\AndroidManifest.xml:70:17-69
106-->src\main\AndroidManifest.xml:70:25-66
107
108                <category android:name="android.intent.category.DEFAULT" />
108-->src\main\AndroidManifest.xml:71:17-76
108-->src\main\AndroidManifest.xml:71:27-73
109
110                <data android:mimeType="text/plain" />
110-->src\main\AndroidManifest.xml:72:17-55
110-->src\main\AndroidManifest.xml:72:23-52
111            </intent-filter>
112            <intent-filter>
112-->src\main\AndroidManifest.xml:74:13-78:29
113                <action android:name="android.intent.action.SEND" />
113-->src\main\AndroidManifest.xml:70:17-69
113-->src\main\AndroidManifest.xml:70:25-66
114
115                <category android:name="android.intent.category.DEFAULT" />
115-->src\main\AndroidManifest.xml:71:17-76
115-->src\main\AndroidManifest.xml:71:27-73
116
117                <data android:mimeType="application/json" />
117-->src\main\AndroidManifest.xml:72:17-55
117-->src\main\AndroidManifest.xml:72:23-52
118            </intent-filter>
119
120            <meta-data
120-->src\main\AndroidManifest.xml:80:13-82:53
121                android:name="android.app.shortcuts"
121-->src\main\AndroidManifest.xml:81:17-53
122                android:resource="@xml/shortcuts" />
122-->src\main\AndroidManifest.xml:82:17-50
123        </activity>
124
125        <provider
126            android:name="androidx.core.content.FileProvider"
126-->src\main\AndroidManifest.xml:87:13-62
127            android:authorities="com.m3uplay.native.provider"
127-->src\main\AndroidManifest.xml:88:13-62
128            android:exported="false"
128-->src\main\AndroidManifest.xml:89:13-37
129            android:grantUriPermissions="true" >
129-->src\main\AndroidManifest.xml:90:13-47
130            <meta-data
130-->src\main\AndroidManifest.xml:91:13-93:54
131                android:name="android.support.FILE_PROVIDER_PATHS"
131-->src\main\AndroidManifest.xml:92:17-67
132                android:resource="@xml/file_paths" />
132-->src\main\AndroidManifest.xml:93:17-51
133        </provider>
134
135        <!-- Extension Debug Activity -->
136        <activity
136-->src\main\AndroidManifest.xml:97:9-108:20
137            android:name="com.m3u.universal.extension.ExtensionDebugActivity"
137-->src\main\AndroidManifest.xml:98:13-61
138            android:configChanges="screenSize|smallestScreenSize|screenLayout|orientation|locale|layoutDirection"
138-->src\main\AndroidManifest.xml:99:13-114
139            android:exported="true"
139-->src\main\AndroidManifest.xml:100:13-36
140            android:label="Extension Debug"
140-->src\main\AndroidManifest.xml:101:13-44
141            android:launchMode="singleTop"
141-->src\main\AndroidManifest.xml:102:13-43
142            android:theme="@style/Theme.M3U" >
142-->src\main\AndroidManifest.xml:103:13-45
143            <intent-filter>
143-->src\main\AndroidManifest.xml:104:13-107:29
144                <action android:name="android.intent.action.VIEW" />
144-->src\main\AndroidManifest.xml:105:17-69
144-->src\main\AndroidManifest.xml:105:25-66
145
146                <category android:name="android.intent.category.DEFAULT" />
146-->src\main\AndroidManifest.xml:71:17-76
146-->src\main\AndroidManifest.xml:71:27-73
147            </intent-filter>
148        </activity>
149
150        <!-- Removed legacy smartphone activities not present in this module -->
151        <activity
151-->src\main\AndroidManifest.xml:111:9-117:48
152            android:name="com.m3u.universal.ui.player.PlayerActivity"
152-->src\main\AndroidManifest.xml:112:13-53
153            android:configChanges="screenSize|smallestScreenSize|screenLayout|orientation|locale|layoutDirection"
153-->src\main\AndroidManifest.xml:113:13-114
154            android:exported="false"
154-->src\main\AndroidManifest.xml:114:13-37
155            android:launchMode="singleTop"
155-->src\main\AndroidManifest.xml:115:13-43
156            android:supportsPictureInPicture="true"
156-->src\main\AndroidManifest.xml:116:13-52
157            android:theme="@style/Theme.M3U" />
157-->src\main\AndroidManifest.xml:117:13-45
158        <activity
158-->src\main\AndroidManifest.xml:119:9-124:48
159            android:name="com.m3u.universal.ui.player.WebPlayerActivity"
159-->src\main\AndroidManifest.xml:120:13-56
160            android:configChanges="screenSize|smallestScreenSize|screenLayout|orientation|locale|layoutDirection"
160-->src\main\AndroidManifest.xml:121:13-114
161            android:exported="false"
161-->src\main\AndroidManifest.xml:122:13-37
162            android:launchMode="singleTop"
162-->src\main\AndroidManifest.xml:123:13-43
163            android:theme="@style/Theme.M3U" />
163-->src\main\AndroidManifest.xml:124:13-45
164
165        <service
165-->src\main\AndroidManifest.xml:126:9-131:46
166            android:name="com.m3u.core.extension.RemoteService"
166-->src\main\AndroidManifest.xml:127:13-64
167            android:exported="true"
167-->src\main\AndroidManifest.xml:128:13-36
168            android:foregroundServiceType="dataSync|mediaPlayback"
168-->src\main\AndroidManifest.xml:129:13-67
169            android:process=":remote" />
169-->src\main\AndroidManifest.xml:130:13-38
170        <service
170-->src\main\AndroidManifest.xml:133:9-136:34
171            android:name="androidx.work.impl.foreground.SystemForegroundService"
171-->src\main\AndroidManifest.xml:134:13-81
172            android:directBootAware="false"
172-->[androidx.work:work-runtime:2.10.2] AndroidManifest.xml:55:13-44
173            android:enabled="@bool/enable_system_foreground_service_default"
173-->[androidx.work:work-runtime:2.10.2] AndroidManifest.xml:56:13-77
174            android:exported="false"
174-->[androidx.work:work-runtime:2.10.2] AndroidManifest.xml:57:13-37
175            android:foregroundServiceType="dataSync" />
175-->src\main\AndroidManifest.xml:135:13-53
176
177        <provider
178            android:name="androidx.startup.InitializationProvider"
178-->src\main\AndroidManifest.xml:139:13-67
179            android:authorities="com.m3u.android.androidx-startup"
179-->src\main\AndroidManifest.xml:140:13-68
180            android:exported="false" >
180-->src\main\AndroidManifest.xml:141:13-37
181            <meta-data
181-->src\main\AndroidManifest.xml:143:13-145:52
182                android:name="com.m3u.universal.startup.ComposeInitializer"
182-->src\main\AndroidManifest.xml:144:17-76
183                android:value="androidx.startup" />
183-->src\main\AndroidManifest.xml:145:17-49
184            <meta-data
184-->[androidx.emoji2:emoji2:1.4.0] AndroidManifest.xml:29:13-31:52
185                android:name="androidx.emoji2.text.EmojiCompatInitializer"
185-->[androidx.emoji2:emoji2:1.4.0] AndroidManifest.xml:30:17-75
186                android:value="androidx.startup" />
186-->[androidx.emoji2:emoji2:1.4.0] AndroidManifest.xml:31:17-49
187            <meta-data
187-->[androidx.lifecycle:lifecycle-process:2.9.1] AndroidManifest.xml:29:13-31:52
188                android:name="androidx.lifecycle.ProcessLifecycleInitializer"
188-->[androidx.lifecycle:lifecycle-process:2.9.1] AndroidManifest.xml:30:17-78
189                android:value="androidx.startup" />
189-->[androidx.lifecycle:lifecycle-process:2.9.1] AndroidManifest.xml:31:17-49
190            <meta-data
190-->[androidx.profileinstaller:profileinstaller:1.4.1] AndroidManifest.xml:29:13-31:52
191                android:name="androidx.profileinstaller.ProfileInstallerInitializer"
191-->[androidx.profileinstaller:profileinstaller:1.4.1] AndroidManifest.xml:30:17-85
192                android:value="androidx.startup" />
192-->[androidx.profileinstaller:profileinstaller:1.4.1] AndroidManifest.xml:31:17-49
193        </provider>
194        <provider
195            android:name="androidx.core.content.FileProvider"
195-->src\main\AndroidManifest.xml:87:13-62
196            android:authorities="com.m3u.android.provider"
196-->src\main\AndroidManifest.xml:88:13-62
197            android:exported="false"
197-->src\main\AndroidManifest.xml:89:13-37
198            android:grantUriPermissions="true" >
198-->src\main\AndroidManifest.xml:90:13-47
199            <meta-data
199-->src\main\AndroidManifest.xml:91:13-93:54
200                android:name="android.support.FILE_PROVIDER_PATHS"
200-->src\main\AndroidManifest.xml:92:17-67
201                android:resource="@xml/filepaths" />
201-->src\main\AndroidManifest.xml:93:17-51
202        </provider>
203
204        <!-- Removed legacy Glance receiver not present in this module -->
205
206
207        <!-- Removed legacy boot receiver not present in this module -->
208
209        <profileable android:shell="true" />
209-->src\main\AndroidManifest.xml:166:9-168:36
209-->src\main\AndroidManifest.xml:167:13-33
210
211        <activity
211-->[com.github.chuckerteam.chucker:library:4.1.0] AndroidManifest.xml:21:9-26:52
212            android:name="com.chuckerteam.chucker.internal.ui.MainActivity"
212-->[com.github.chuckerteam.chucker:library:4.1.0] AndroidManifest.xml:22:13-76
213            android:label="@string/chucker_name"
213-->[com.github.chuckerteam.chucker:library:4.1.0] AndroidManifest.xml:23:13-49
214            android:launchMode="singleTask"
214-->[com.github.chuckerteam.chucker:library:4.1.0] AndroidManifest.xml:24:13-44
215            android:taskAffinity="com.chuckerteam.chucker.task"
215-->[com.github.chuckerteam.chucker:library:4.1.0] AndroidManifest.xml:25:13-64
216            android:theme="@style/Chucker.Theme" />
216-->[com.github.chuckerteam.chucker:library:4.1.0] AndroidManifest.xml:26:13-49
217        <activity
217-->[com.github.chuckerteam.chucker:library:4.1.0] AndroidManifest.xml:27:9-30:52
218            android:name="com.chuckerteam.chucker.internal.ui.transaction.TransactionActivity"
218-->[com.github.chuckerteam.chucker:library:4.1.0] AndroidManifest.xml:28:13-95
219            android:parentActivityName="com.chuckerteam.chucker.internal.ui.MainActivity"
219-->[com.github.chuckerteam.chucker:library:4.1.0] AndroidManifest.xml:29:13-90
220            android:theme="@style/Chucker.Theme" />
220-->[com.github.chuckerteam.chucker:library:4.1.0] AndroidManifest.xml:30:13-49
221
222        <service
222-->[com.github.chuckerteam.chucker:library:4.1.0] AndroidManifest.xml:32:9-35:72
223            android:name="com.chuckerteam.chucker.internal.support.ClearDatabaseService"
223-->[com.github.chuckerteam.chucker:library:4.1.0] AndroidManifest.xml:33:13-89
224            android:exported="false"
224-->[com.github.chuckerteam.chucker:library:4.1.0] AndroidManifest.xml:34:13-37
225            android:permission="android.permission.BIND_JOB_SERVICE" />
225-->[com.github.chuckerteam.chucker:library:4.1.0] AndroidManifest.xml:35:13-69
226
227        <receiver
227-->[com.github.chuckerteam.chucker:library:4.1.0] AndroidManifest.xml:37:9-39:40
228            android:name="com.chuckerteam.chucker.internal.support.ClearDatabaseJobIntentServiceReceiver"
228-->[com.github.chuckerteam.chucker:library:4.1.0] AndroidManifest.xml:38:13-106
229            android:exported="false" />
229-->[com.github.chuckerteam.chucker:library:4.1.0] AndroidManifest.xml:39:13-37
230
231        <provider
231-->[com.github.chuckerteam.chucker:library:4.1.0] AndroidManifest.xml:41:9-49:20
232            android:name="com.chuckerteam.chucker.internal.support.ChuckerFileProvider"
232-->[com.github.chuckerteam.chucker:library:4.1.0] AndroidManifest.xml:42:13-88
233            android:authorities="com.m3u.android.com.chuckerteam.chucker.provider"
233-->[com.github.chuckerteam.chucker:library:4.1.0] AndroidManifest.xml:43:13-84
234            android:exported="false"
234-->[com.github.chuckerteam.chucker:library:4.1.0] AndroidManifest.xml:44:13-37
235            android:grantUriPermissions="true" >
235-->[com.github.chuckerteam.chucker:library:4.1.0] AndroidManifest.xml:45:13-47
236            <meta-data
236-->src\main\AndroidManifest.xml:91:13-93:54
237                android:name="android.support.FILE_PROVIDER_PATHS"
237-->src\main\AndroidManifest.xml:92:17-67
238                android:resource="@xml/chucker_provider_paths" />
238-->src\main\AndroidManifest.xml:93:17-51
239        </provider>
240
241        <activity
241-->[androidx.glance:glance-appwidget:1.1.1] AndroidManifest.xml:23:9-28:62
242            android:name="androidx.glance.appwidget.action.ActionTrampolineActivity"
242-->[androidx.glance:glance-appwidget:1.1.1] AndroidManifest.xml:24:13-85
243            android:enabled="true"
243-->[androidx.glance:glance-appwidget:1.1.1] AndroidManifest.xml:25:13-35
244            android:excludeFromRecents="true"
244-->[androidx.glance:glance-appwidget:1.1.1] AndroidManifest.xml:26:13-46
245            android:exported="false"
245-->[androidx.glance:glance-appwidget:1.1.1] AndroidManifest.xml:27:13-37
246            android:theme="@android:style/Theme.NoDisplay" />
246-->[androidx.glance:glance-appwidget:1.1.1] AndroidManifest.xml:28:13-59
247        <activity
247-->[androidx.glance:glance-appwidget:1.1.1] AndroidManifest.xml:29:9-36:81
248            android:name="androidx.glance.appwidget.action.InvisibleActionTrampolineActivity"
248-->[androidx.glance:glance-appwidget:1.1.1] AndroidManifest.xml:30:13-94
249            android:enabled="true"
249-->[androidx.glance:glance-appwidget:1.1.1] AndroidManifest.xml:31:13-35
250            android:exported="false"
250-->[androidx.glance:glance-appwidget:1.1.1] AndroidManifest.xml:32:13-37
251            android:launchMode="singleInstance"
251-->[androidx.glance:glance-appwidget:1.1.1] AndroidManifest.xml:33:13-48
252            android:noHistory="true"
252-->[androidx.glance:glance-appwidget:1.1.1] AndroidManifest.xml:34:13-37
253            android:taskAffinity="androidx.glance.appwidget.ListAdapterCallbackTrampoline"
253-->[androidx.glance:glance-appwidget:1.1.1] AndroidManifest.xml:35:13-91
254            android:theme="@style/Widget.Glance.AppWidget.CallbackTrampoline" />
254-->[androidx.glance:glance-appwidget:1.1.1] AndroidManifest.xml:36:13-78
255
256        <receiver
256-->[androidx.glance:glance-appwidget:1.1.1] AndroidManifest.xml:38:9-41:40
257            android:name="androidx.glance.appwidget.action.ActionCallbackBroadcastReceiver"
257-->[androidx.glance:glance-appwidget:1.1.1] AndroidManifest.xml:39:13-92
258            android:enabled="true"
258-->[androidx.glance:glance-appwidget:1.1.1] AndroidManifest.xml:40:13-35
259            android:exported="false" />
259-->[androidx.glance:glance-appwidget:1.1.1] AndroidManifest.xml:41:13-37
260        <receiver
260-->[androidx.glance:glance-appwidget:1.1.1] AndroidManifest.xml:42:9-45:40
261            android:name="androidx.glance.appwidget.UnmanagedSessionReceiver"
261-->[androidx.glance:glance-appwidget:1.1.1] AndroidManifest.xml:43:13-78
262            android:enabled="true"
262-->[androidx.glance:glance-appwidget:1.1.1] AndroidManifest.xml:44:13-35
263            android:exported="false" />
263-->[androidx.glance:glance-appwidget:1.1.1] AndroidManifest.xml:45:13-37
264        <receiver
264-->[androidx.glance:glance-appwidget:1.1.1] AndroidManifest.xml:46:9-53:20
265            android:name="androidx.glance.appwidget.MyPackageReplacedReceiver"
265-->[androidx.glance:glance-appwidget:1.1.1] AndroidManifest.xml:47:13-79
266            android:enabled="true"
266-->[androidx.glance:glance-appwidget:1.1.1] AndroidManifest.xml:48:13-35
267            android:exported="false" >
267-->[androidx.glance:glance-appwidget:1.1.1] AndroidManifest.xml:49:13-37
268            <intent-filter>
268-->[androidx.glance:glance-appwidget:1.1.1] AndroidManifest.xml:50:13-52:29
269                <action android:name="android.intent.action.MY_PACKAGE_REPLACED" />
269-->[androidx.glance:glance-appwidget:1.1.1] AndroidManifest.xml:51:17-84
269-->[androidx.glance:glance-appwidget:1.1.1] AndroidManifest.xml:51:25-81
270            </intent-filter>
271        </receiver>
272
273        <service
273-->[androidx.glance:glance-appwidget:1.1.1] AndroidManifest.xml:55:9-58:72
274            android:name="androidx.glance.appwidget.GlanceRemoteViewsService"
274-->[androidx.glance:glance-appwidget:1.1.1] AndroidManifest.xml:56:13-78
275            android:exported="true"
275-->[androidx.glance:glance-appwidget:1.1.1] AndroidManifest.xml:57:13-36
276            android:permission="android.permission.BIND_REMOTEVIEWS" />
276-->[androidx.glance:glance-appwidget:1.1.1] AndroidManifest.xml:58:13-69
277        <service
277-->[androidx.work:work-runtime:2.10.2] AndroidManifest.xml:39:9-45:35
278            android:name="androidx.work.impl.background.systemalarm.SystemAlarmService"
278-->[androidx.work:work-runtime:2.10.2] AndroidManifest.xml:40:13-88
279            android:directBootAware="false"
279-->[androidx.work:work-runtime:2.10.2] AndroidManifest.xml:41:13-44
280            android:enabled="@bool/enable_system_alarm_service_default"
280-->[androidx.work:work-runtime:2.10.2] AndroidManifest.xml:42:13-72
281            android:exported="false" />
281-->[androidx.work:work-runtime:2.10.2] AndroidManifest.xml:43:13-37
282        <service
282-->[androidx.work:work-runtime:2.10.2] AndroidManifest.xml:46:9-52:35
283            android:name="androidx.work.impl.background.systemjob.SystemJobService"
283-->[androidx.work:work-runtime:2.10.2] AndroidManifest.xml:47:13-84
284            android:directBootAware="false"
284-->[androidx.work:work-runtime:2.10.2] AndroidManifest.xml:48:13-44
285            android:enabled="@bool/enable_system_job_service_default"
285-->[androidx.work:work-runtime:2.10.2] AndroidManifest.xml:49:13-70
286            android:exported="true"
286-->[androidx.work:work-runtime:2.10.2] AndroidManifest.xml:50:13-36
287            android:permission="android.permission.BIND_JOB_SERVICE" />
287-->[androidx.work:work-runtime:2.10.2] AndroidManifest.xml:51:13-69
288
289        <receiver
289-->[androidx.work:work-runtime:2.10.2] AndroidManifest.xml:61:9-66:35
290            android:name="androidx.work.impl.utils.ForceStopRunnable$BroadcastReceiver"
290-->[androidx.work:work-runtime:2.10.2] AndroidManifest.xml:62:13-88
291            android:directBootAware="false"
291-->[androidx.work:work-runtime:2.10.2] AndroidManifest.xml:63:13-44
292            android:enabled="true"
292-->[androidx.work:work-runtime:2.10.2] AndroidManifest.xml:64:13-35
293            android:exported="false" />
293-->[androidx.work:work-runtime:2.10.2] AndroidManifest.xml:65:13-37
294        <receiver
294-->[androidx.work:work-runtime:2.10.2] AndroidManifest.xml:67:9-77:20
295            android:name="androidx.work.impl.background.systemalarm.ConstraintProxy$BatteryChargingProxy"
295-->[androidx.work:work-runtime:2.10.2] AndroidManifest.xml:68:13-106
296            android:directBootAware="false"
296-->[androidx.work:work-runtime:2.10.2] AndroidManifest.xml:69:13-44
297            android:enabled="false"
297-->[androidx.work:work-runtime:2.10.2] AndroidManifest.xml:70:13-36
298            android:exported="false" >
298-->[androidx.work:work-runtime:2.10.2] AndroidManifest.xml:71:13-37
299            <intent-filter>
299-->[androidx.work:work-runtime:2.10.2] AndroidManifest.xml:73:13-76:29
300                <action android:name="android.intent.action.ACTION_POWER_CONNECTED" />
300-->[androidx.work:work-runtime:2.10.2] AndroidManifest.xml:74:17-87
300-->[androidx.work:work-runtime:2.10.2] AndroidManifest.xml:74:25-84
301                <action android:name="android.intent.action.ACTION_POWER_DISCONNECTED" />
301-->[androidx.work:work-runtime:2.10.2] AndroidManifest.xml:75:17-90
301-->[androidx.work:work-runtime:2.10.2] AndroidManifest.xml:75:25-87
302            </intent-filter>
303        </receiver>
304        <receiver
304-->[androidx.work:work-runtime:2.10.2] AndroidManifest.xml:78:9-88:20
305            android:name="androidx.work.impl.background.systemalarm.ConstraintProxy$BatteryNotLowProxy"
305-->[androidx.work:work-runtime:2.10.2] AndroidManifest.xml:79:13-104
306            android:directBootAware="false"
306-->[androidx.work:work-runtime:2.10.2] AndroidManifest.xml:80:13-44
307            android:enabled="false"
307-->[androidx.work:work-runtime:2.10.2] AndroidManifest.xml:81:13-36
308            android:exported="false" >